Active-HDL 10.5.217.6767 2019-06-30 21:55:50

Elaboration top modules:
Architecture                  Instruction_Fetch_sstage(Instruction_Fetch_sstage)


---------------------------------------------------------------------------------------------------------------------------
Entity                   | Architecture             | Library       | Info | Compiler Version        | Compilation Options
---------------------------------------------------------------------------------------------------------------------------
Instruction_Fetch_sstage | Instruction_Fetch_sstage | pipeline_mips |      | 10.5.217.6767 (Windows) | -O3
---------------------------------------------------------------------------------------------------------------------------

---------------------------------------------------------------------------------------------------------------------------
VHDL Package                                        | Library       | Info | Compiler Version        | Compilation Options
---------------------------------------------------------------------------------------------------------------------------
standard                                            | std           |      |                         | <unavailable>
TEXTIO                                              | std           |      |                         | <unavailable>
std_logic_1164                                      | ieee          |      |                         | <unavailable>
std_logic_arith                                     | ieee          |      |                         | <unavailable>
STD_LOGIC_SIGNED                                    | ieee          |      |                         | <unavailable>
STD_LOGIC_UNSIGNED                                  | ieee          |      |                         | <unavailable>
---------------------------------------------------------------------------------------------------------------------------

---------------------------------------------------------------------------------------------------------------------------
Library                                             | Comment
---------------------------------------------------------------------------------------------------------------------------
ieee                                                | Standard IEEE packages library
pipeline_mips                                       | None
std                                                 | Standard VHDL library
---------------------------------------------------------------------------------------------------------------------------
